Caller Information:
10000054 | Mmopiemang,K | 42 | M | Gaborone
Locations:
Sehithwa
Francistown
Molepolole
Gaborone
Gaborone
Gate
Palapye
Gaborone
Kazungula
Mamuno
Gaborone
Pioneer
Gaborone
Molepolole
Gaborone
Molepolole
Gaborone
Thamaga
Gate
Hukuntsi
Letlhakeng
Halt
Francistown
Francistown
Francistown
Orapa
Orapa
Lobatse
Gaborone
Ramotswa
Drift
Francistown
Gate
Gate
Gaborone
Shakawe
Francistown
Drift
Gweta
Ramatlabama
Gaborone
Gaborone
Hukuntsi
Drift
Gaborone
Gaborone
Lobatse
Orapa
Kang
Francistown
Gaborone
Kazungula
Drift
Gaborone
Gaborone
Sekoma
Gaborone
Pioneer
Francistown
Kanye
Francistown
Gaborone
Gaborone
Serule
Francistown
Francistown
